# JRE version: Java(TM) SE Runtime Environment (8.0_45-b14) (build 1.8.0_45-b14)
# Java VM: Java HotSpot(TM) 64-Bit Server VM (25.45-b02 mixed mode windows-amd64 compressed oops)
Heap:
 PSYoungGen      total 135168K, used 70250K [0x00000000eb300000, 0x00000000f6000000, 0x0000000100000000)
  eden space 124416K, 47% used [0x00000000eb300000,0x00000000eed1f270,0x00000000f2c80000)
  from space 10752K, 99% used [0x00000000f2c80000,0x00000000f36fb968,0x00000000f3700000)
  to   space 13312K, 0% used [0x00000000f5300000,0x00000000f5300000,0x00000000f6000000)
 ParOldGen       total 61440K, used 19721K [0x00000000c1800000, 0x00000000c5400000, 0x00000000eb300000)
  object space 61440K, 32% used [0x00000000c1800000,0x00000000c2b424b0,0x00000000c5400000)
 Metaspace       used 50043K, capacity 52824K, committed 53120K, reserved 1095680K
  class space    used 7011K, capacity 7518K, committed 7552K, reserved 1048576K
GC Heap History (10 events):
Event: 4.136 GC heap before
{Heap before GC invocations=9 (full 1):
 PSYoungGen      total 71168K, used 64512K [0x00000000eb300000, 0x00000000f3e00000, 0x0000000100000000)
  eden space 64512K, 100% used [0x00000000eb300000,0x00000000ef200000,0x00000000ef200000)
  from space 6656K, 0% used [0x00000000ef200000,0x00000000ef200000,0x00000000ef880000)
  to   space 6656K, 0% used [0x00000000f3780000,0x00000000f3780000,0x00000000f3e00000)
 ParOldGen       total 35840K, used 8577K [0x00000000c1800000, 0x00000000c3b00000, 0x00000000eb300000)
  object space 35840K, 23% used [0x00000000c1800000,0x00000000c2060678,0x00000000c3b00000)
 Metaspace       used 23374K, capacity 24496K, committed 24704K, reserved 1071104K
  class space    used 3187K, capacity 3447K, committed 3456K, reserved 1048576K
Event: 4.143 GC heap after
Heap after GC invocations=9 (full 1):
 PSYoungGen      total 102400K, used 5648K [0x00000000eb300000, 0x00000000f3d80000, 0x0000000100000000)
  eden space 96256K, 0% used [0x00000000eb300000,0x00000000eb300000,0x00000000f1100000)
  from space 6144K, 91% used [0x00000000f3780000,0x00000000f3d040d0,0x00000000f3d80000)
  to   space 6656K, 0% used [0x00000000f3080000,0x00000000f3080000,0x00000000f3700000)
 ParOldGen       total 35840K, used 8585K [0x00000000c1800000, 0x00000000c3b00000, 0x00000000eb300000)
  object space 35840K, 23% used [0x00000000c1800000,0x00000000c2062678,0x00000000c3b00000)
 Metaspace       used 23374K, capacity 24496K, committed 24704K, reserved 1071104K
  class space    used 3187K, capacity 3447K, committed 3456K, reserved 1048576K
}
Event: 5.046 GC heap before
{Heap before GC invocations=10 (full 1):
 PSYoungGen      total 102400K, used 101904K [0x00000000eb300000, 0x00000000f3d80000, 0x0000000100000000)
  eden space 96256K, 100% used [0x00000000eb300000,0x00000000f1100000,0x00000000f1100000)
  from space 6144K, 91% used [0x00000000f3780000,0x00000000f3d040d0,0x00000000f3d80000)
  to   space 6656K, 0% used [0x00000000f3080000,0x00000000f3080000,0x00000000f3700000)
 ParOldGen       total 35840K, used 8585K [0x00000000c1800000, 0x00000000c3b00000, 0x00000000eb300000)
  object space 35840K, 23% used [0x00000000c1800000,0x00000000c2062678,0x00000000c3b00000)
 Metaspace       used 27719K, capacity 29348K, committed 29440K, reserved 1075200K
  class space    used 3789K, capacity 4091K, committed 4096K, reserved 1048576K
Event: 5.058 GC heap after
Heap after GC invocations=10 (full 1):
 PSYoungGen      total 130048K, used 6643K [0x00000000eb300000, 0x00000000f3b80000, 0x0000000100000000)
  eden space 123392K, 0% used [0x00000000eb300000,0x00000000eb300000,0x00000000f2b80000)
  from space 6656K, 99% used [0x00000000f3080000,0x00000000f36fcce0,0x00000000f3700000)
  to   space 4608K, 0% used [0x00000000f3700000,0x00000000f3700000,0x00000000f3b80000)
 ParOldGen       total 35840K, used 10171K [0x00000000c1800000, 0x00000000c3b00000, 0x00000000eb300000)
  object space 35840K, 28% used [0x00000000c1800000,0x00000000c21eece8,0x00000000c3b00000)
 Metaspace       used 27719K, capacity 29348K, committed 29440K, reserved 1075200K
  class space    used 3789K, capacity 4091K, committed 4096K, reserved 1048576K
}
Event: 5.899 GC heap before
{Heap before GC invocations=11 (full 1):
 PSYoungGen      total 130048K, used 57131K [0x00000000eb300000, 0x00000000f3b80000, 0x0000000100000000)
  eden space 123392K, 40% used [0x00000000eb300000,0x00000000ee44e1a0,0x00000000f2b80000)
  from space 6656K, 99% used [0x00000000f3080000,0x00000000f36fcce0,0x00000000f3700000)
  to   space 4608K, 0% used [0x00000000f3700000,0x00000000f3700000,0x00000000f3b80000)
 ParOldGen       total 35840K, used 10171K [0x00000000c1800000, 0x00000000c3b00000, 0x00000000eb300000)
  object space 35840K, 28% used [0x00000000c1800000,0x00000000c21eece8,0x00000000c3b00000)
 Metaspace       used 33564K, capacity 35276K, committed 35496K, reserved 1079296K
  class space    used 4531K, capacity 4861K, committed 4864K, reserved 1048576K
Event: 5.914 GC heap after
Heap after GC invocations=11 (full 1):
 PSYoungGen      total 129024K, used 4599K [0x00000000eb300000, 0x00000000f6180000, 0x0000000100000000)
  eden space 124416K, 0% used [0x00000000eb300000,0x00000000eb300000,0x00000000f2c80000)
  from space 4608K, 99% used [0x00000000f3700000,0x00000000f3b7de98,0x00000000f3b80000)
  to   space 10752K, 0% used [0x00000000f2c80000,0x00000000f2c80000,0x00000000f3700000)
 ParOldGen       total 35840K, used 17552K [0x00000000c1800000, 0x00000000c3b00000, 0x00000000eb300000)
  object space 35840K, 48% used [0x00000000c1800000,0x00000000c2924300,0x00000000c3b00000)
 Metaspace       used 33564K, capacity 35276K, committed 35496K, reserved 1079296K
  class space    used 4531K, capacity 4861K, committed 4864K, reserved 1048576K
}
Event: 5.914 GC heap before
{Heap before GC invocations=12 (full 2):
 PSYoungGen      total 129024K, used 4599K [0x00000000eb300000, 0x00000000f6180000, 0x0000000100000000)
  eden space 124416K, 0% used [0x00000000eb300000,0x00000000eb300000,0x00000000f2c80000)
  from space 4608K, 99% used [0x00000000f3700000,0x00000000f3b7de98,0x00000000f3b80000)
  to   space 10752K, 0% used [0x00000000f2c80000,0x00000000f2c80000,0x00000000f3700000)
 ParOldGen       total 35840K, used 17552K [0x00000000c1800000, 0x00000000c3b00000, 0x00000000eb300000)
  object space 35840K, 48% used [0x00000000c1800000,0x00000000c2924300,0x00000000c3b00000)
 Metaspace       used 33564K, capacity 35276K, committed 35496K, reserved 1079296K
  class space    used 4531K, capacity 4861K, committed 4864K, reserved 1048576K
Event: 6.025 GC heap after
Heap after GC invocations=12 (full 2):
 PSYoungGen      total 129024K, used 0K [0x00000000eb300000, 0x00000000f6180000, 0x0000000100000000)
  eden space 124416K, 0% used [0x00000000eb300000,0x00000000eb300000,0x00000000f2c80000)
  from space 4608K, 0% used [0x00000000f3700000,0x00000000f3700000,0x00000000f3b80000)
  to   space 10752K, 0% used [0x00000000f2c80000,0x00000000f2c80000,0x00000000f3700000)
 ParOldGen       total 61440K, used 16802K [0x00000000c1800000, 0x00000000c5400000, 0x00000000eb300000)
  object space 61440K, 27% used [0x00000000c1800000,0x00000000c2868bd0,0x00000000c5400000)
 Metaspace       used 33564K, capacity 35276K, committed 35496K, reserved 1079296K
  class space    used 4531K, capacity 4861K, committed 4864K, reserved 1048576K
}
Event: 7.797 GC heap before
{Heap before GC invocations=13 (full 2):
 PSYoungGen      total 129024K, used 124416K [0x00000000eb300000, 0x00000000f6180000, 0x0000000100000000)
  eden space 124416K, 100% used [0x00000000eb300000,0x00000000f2c80000,0x00000000f2c80000)
  from space 4608K, 0% used [0x00000000f3700000,0x00000000f3700000,0x00000000f3b80000)
  to   space 10752K, 0% used [0x00000000f2c80000,0x00000000f2c80000,0x00000000f3700000)
 ParOldGen       total 61440K, used 16802K [0x00000000c1800000, 0x00000000c5400000, 0x00000000eb300000)
  object space 61440K, 27% used [0x00000000c1800000,0x00000000c2868bd0,0x00000000c5400000)
 Metaspace       used 45119K, capacity 47500K, committed 47872K, reserved 1089536K
  class space    used 6380K, capacity 6787K, committed 6912K, reserved 1048576K
Event: 7.815 GC heap after
Heap after GC invocations=13 (full 2):
 PSYoungGen      total 135168K, used 10734K [0x00000000eb300000, 0x00000000f6000000, 0x0000000100000000)
  eden space 124416K, 0% used [0x00000000eb300000,0x00000000eb300000,0x00000000f2c80000)
  from space 10752K, 99% used [0x00000000f2c80000,0x00000000f36fb968,0x00000000f3700000)
  to   space 13312K, 0% used [0x00000000f5300000,0x00000000f5300000,0x00000000f6000000)
 ParOldGen       total 61440K, used 19721K [0x00000000c1800000, 0x00000000c5400000, 0x00000000eb300000)
  object space 61440K, 32% used [0x00000000c1800000,0x00000000c2b424b0,0x00000000c5400000)
 Metaspace       used 45119K, capacity 47500K, committed 47872K, reserved 1089536K
  class space    used 6380K, capacity 6787K, committed 6912K, reserved 1048576K
}

