# JRE version: Java(TM) SE Runtime Environment (8.0_45-b14) (build 1.8.0_45-b14)
# Java VM: Java HotSpot(TM) 64-Bit Server VM (25.45-b02 mixed mode windows-amd64 compressed oops)
Heap:
 PSYoungGen      total 133632K, used 70084K [0x00000000eb300000, 0x00000000f6280000, 0x0000000100000000)
  eden space 124928K, 49% used [0x00000000eb300000,0x00000000eeef18d0,0x00000000f2d00000)
  from space 8704K, 99% used [0x00000000f2d00000,0x00000000f357f7c0,0x00000000f3580000)
  to   space 11264K, 0% used [0x00000000f5780000,0x00000000f5780000,0x00000000f6280000)
 ParOldGen       total 53248K, used 21720K [0x00000000c1800000, 0x00000000c4c00000, 0x00000000eb300000)
  object space 53248K, 40% used [0x00000000c1800000,0x00000000c2d36198,0x00000000c4c00000)
 Metaspace       used 50059K, capacity 52806K, committed 53120K, reserved 1095680K
  class space    used 7010K, capacity 7489K, committed 7552K, reserved 1048576K
GC Heap History (10 events):
Event: 9.093 GC heap before
{Heap before GC invocations=11 (full 1):
 PSYoungGen      total 70656K, used 65536K [0x00000000eb300000, 0x00000000f2480000, 0x0000000100000000)
  eden space 65536K, 100% used [0x00000000eb300000,0x00000000ef300000,0x00000000ef300000)
  from space 5120K, 0% used [0x00000000ef300000,0x00000000ef300000,0x00000000ef800000)
  to   space 5632K, 0% used [0x00000000f1f00000,0x00000000f1f00000,0x00000000f2480000)
 ParOldGen       total 29696K, used 5579K [0x00000000c1800000, 0x00000000c3500000, 0x00000000eb300000)
  object space 29696K, 18% used [0x00000000c1800000,0x00000000c1d72c68,0x00000000c3500000)
 Metaspace       used 23362K, capacity 24434K, committed 24448K, reserved 1071104K
  class space    used 3189K, capacity 3448K, committed 3456K, reserved 1048576K
Event: 9.101 GC heap after
Heap after GC invocations=11 (full 1):
 PSYoungGen      total 97792K, used 5603K [0x00000000eb300000, 0x00000000f2480000, 0x0000000100000000)
  eden space 92160K, 0% used [0x00000000eb300000,0x00000000eb300000,0x00000000f0d00000)
  from space 5632K, 99% used [0x00000000f1f00000,0x00000000f2478c88,0x00000000f2480000)
  to   space 6144K, 0% used [0x00000000f1880000,0x00000000f1880000,0x00000000f1e80000)
 ParOldGen       total 29696K, used 5711K [0x00000000c1800000, 0x00000000c3500000, 0x00000000eb300000)
  object space 29696K, 19% used [0x00000000c1800000,0x00000000c1d93d28,0x00000000c3500000)
 Metaspace       used 23362K, capacity 24434K, committed 24448K, reserved 1071104K
  class space    used 3189K, capacity 3448K, committed 3456K, reserved 1048576K
}
Event: 12.783 GC heap before
{Heap before GC invocations=12 (full 1):
 PSYoungGen      total 97792K, used 97706K [0x00000000eb300000, 0x00000000f2480000, 0x0000000100000000)
  eden space 92160K, 99% used [0x00000000eb300000,0x00000000f0cf1c80,0x00000000f0d00000)
  from space 5632K, 99% used [0x00000000f1f00000,0x00000000f2478c88,0x00000000f2480000)
  to   space 6144K, 0% used [0x00000000f1880000,0x00000000f1880000,0x00000000f1e80000)
 ParOldGen       total 29696K, used 5711K [0x00000000c1800000, 0x00000000c3500000, 0x00000000eb300000)
  object space 29696K, 19% used [0x00000000c1800000,0x00000000c1d93d28,0x00000000c3500000)
 Metaspace       used 27745K, capacity 29398K, committed 29568K, reserved 1075200K
  class space    used 3797K, capacity 4100K, committed 4224K, reserved 1048576K
Event: 12.795 GC heap after
Heap after GC invocations=12 (full 1):
 PSYoungGen      total 110080K, used 6127K [0x00000000eb300000, 0x00000000f3d00000, 0x0000000100000000)
  eden space 103936K, 0% used [0x00000000eb300000,0x00000000eb300000,0x00000000f1880000)
  from space 6144K, 99% used [0x00000000f1880000,0x00000000f1e7bf28,0x00000000f1e80000)
  to   space 7680K, 0% used [0x00000000f3580000,0x00000000f3580000,0x00000000f3d00000)
 ParOldGen       total 29696K, used 8025K [0x00000000c1800000, 0x00000000c3500000, 0x00000000eb300000)
  object space 29696K, 27% used [0x00000000c1800000,0x00000000c1fd6528,0x00000000c3500000)
 Metaspace       used 27745K, capacity 29398K, committed 29568K, reserved 1075200K
  class space    used 3797K, capacity 4100K, committed 4224K, reserved 1048576K
}
Event: 15.332 GC heap before
{Heap before GC invocations=13 (full 1):
 PSYoungGen      total 110080K, used 65846K [0x00000000eb300000, 0x00000000f3d00000, 0x0000000100000000)
  eden space 103936K, 57% used [0x00000000eb300000,0x00000000eed51928,0x00000000f1880000)
  from space 6144K, 99% used [0x00000000f1880000,0x00000000f1e7bf28,0x00000000f1e80000)
  to   space 7680K, 0% used [0x00000000f3580000,0x00000000f3580000,0x00000000f3d00000)
 ParOldGen       total 29696K, used 8025K [0x00000000c1800000, 0x00000000c3500000, 0x00000000eb300000)
  object space 29696K, 27% used [0x00000000c1800000,0x00000000c1fd6528,0x00000000c3500000)
 Metaspace       used 33569K, capacity 35262K, committed 35456K, reserved 1079296K
  class space    used 4533K, capacity 4870K, committed 4992K, reserved 1048576K
Event: 15.347 GC heap after
Heap after GC invocations=13 (full 1):
 PSYoungGen      total 132608K, used 7597K [0x00000000eb300000, 0x00000000f4c80000, 0x0000000100000000)
  eden space 124928K, 0% used [0x00000000eb300000,0x00000000eb300000,0x00000000f2d00000)
  from space 7680K, 98% used [0x00000000f3580000,0x00000000f3ceb528,0x00000000f3d00000)
  to   space 8704K, 0% used [0x00000000f2d00000,0x00000000f2d00000,0x00000000f3580000)
 ParOldGen       total 29696K, used 10861K [0x00000000c1800000, 0x00000000c3500000, 0x00000000eb300000)
  object space 29696K, 36% used [0x00000000c1800000,0x00000000c229b598,0x00000000c3500000)
 Metaspace       used 33569K, capacity 35262K, committed 35456K, reserved 1079296K
  class space    used 4533K, capacity 4870K, committed 4992K, reserved 1048576K
}
Event: 15.347 GC heap before
{Heap before GC invocations=14 (full 2):
 PSYoungGen      total 132608K, used 7597K [0x00000000eb300000, 0x00000000f4c80000, 0x0000000100000000)
  eden space 124928K, 0% used [0x00000000eb300000,0x00000000eb300000,0x00000000f2d00000)
  from space 7680K, 98% used [0x00000000f3580000,0x00000000f3ceb528,0x00000000f3d00000)
  to   space 8704K, 0% used [0x00000000f2d00000,0x00000000f2d00000,0x00000000f3580000)
 ParOldGen       total 29696K, used 10861K [0x00000000c1800000, 0x00000000c3500000, 0x00000000eb300000)
  object space 29696K, 36% used [0x00000000c1800000,0x00000000c229b598,0x00000000c3500000)
 Metaspace       used 33569K, capacity 35262K, committed 35456K, reserved 1079296K
  class space    used 4533K, capacity 4870K, committed 4992K, reserved 1048576K
Event: 15.515 GC heap after
Heap after GC invocations=14 (full 2):
 PSYoungGen      total 132608K, used 0K [0x00000000eb300000, 0x00000000f4c80000, 0x0000000100000000)
  eden space 124928K, 0% used [0x00000000eb300000,0x00000000eb300000,0x00000000f2d00000)
  from space 7680K, 0% used [0x00000000f3580000,0x00000000f3580000,0x00000000f3d00000)
  to   space 8704K, 0% used [0x00000000f2d00000,0x00000000f2d00000,0x00000000f3580000)
 ParOldGen       total 53248K, used 16809K [0x00000000c1800000, 0x00000000c4c00000, 0x00000000eb300000)
  object space 53248K, 31% used [0x00000000c1800000,0x00000000c286a4b8,0x00000000c4c00000)
 Metaspace       used 33569K, capacity 35262K, committed 35456K, reserved 1079296K
  class space    used 4533K, capacity 4870K, committed 4992K, reserved 1048576K
}
Event: 19.165 GC heap before
{Heap before GC invocations=15 (full 2):
 PSYoungGen      total 132608K, used 124928K [0x00000000eb300000, 0x00000000f4c80000, 0x0000000100000000)
  eden space 124928K, 100% used [0x00000000eb300000,0x00000000f2d00000,0x00000000f2d00000)
  from space 7680K, 0% used [0x00000000f3580000,0x00000000f3580000,0x00000000f3d00000)
  to   space 8704K, 0% used [0x00000000f2d00000,0x00000000f2d00000,0x00000000f3580000)
 ParOldGen       total 53248K, used 16809K [0x00000000c1800000, 0x00000000c4c00000, 0x00000000eb300000)
  object space 53248K, 31% used [0x00000000c1800000,0x00000000c286a4b8,0x00000000c4c00000)
 Metaspace       used 45041K, capacity 47416K, committed 47616K, reserved 1089536K
  class space    used 6364K, capacity 6795K, committed 6912K, reserved 1048576K
Event: 19.185 GC heap after
Heap after GC invocations=15 (full 2):
 PSYoungGen      total 133632K, used 8701K [0x00000000eb300000, 0x00000000f6280000, 0x0000000100000000)
  eden space 124928K, 0% used [0x00000000eb300000,0x00000000eb300000,0x00000000f2d00000)
  from space 8704K, 99% used [0x00000000f2d00000,0x00000000f357f7c0,0x00000000f3580000)
  to   space 11264K, 0% used [0x00000000f5780000,0x00000000f5780000,0x00000000f6280000)
 ParOldGen       total 53248K, used 21720K [0x00000000c1800000, 0x00000000c4c00000, 0x00000000eb300000)
  object space 53248K, 40% used [0x00000000c1800000,0x00000000c2d36198,0x00000000c4c00000)
 Metaspace       used 45041K, capacity 47416K, committed 47616K, reserved 1089536K
  class space    used 6364K, capacity 6795K, committed 6912K, reserved 1048576K
}

