# JRE version: Java(TM) SE Runtime Environment (8.0_45-b14) (build 1.8.0_45-b14)
# Java VM: Java HotSpot(TM) 64-Bit Server VM (25.45-b02 mixed mode windows-amd64 compressed oops)
Heap:
 PSYoungGen      total 93696K, used 46888K [0x00000000eb300000, 0x00000000f1d00000, 0x0000000100000000)
  eden space 85504K, 45% used [0x00000000eb300000,0x00000000ed8cf2b8,0x00000000f0680000)
  from space 8192K, 99% used [0x00000000f0680000,0x00000000f0e7b120,0x00000000f0e80000)
  to   space 9728K, 0% used [0x00000000f1380000,0x00000000f1380000,0x00000000f1d00000)
 ParOldGen       total 53248K, used 18670K [0x00000000c1800000, 0x00000000c4c00000, 0x00000000eb300000)
  object space 53248K, 35% used [0x00000000c1800000,0x00000000c2a3ba70,0x00000000c4c00000)
 Metaspace       used 50067K, capacity 52798K, committed 53120K, reserved 1095680K
  class space    used 7012K, capacity 7489K, committed 7552K, reserved 1048576K
GC Heap History (10 events):
Event: 16.515 GC heap before
{Heap before GC invocations=15 (full 1):
 PSYoungGen      total 49152K, used 49102K [0x00000000eb300000, 0x00000000efb80000, 0x0000000100000000)
  eden space 44544K, 99% used [0x00000000eb300000,0x00000000ede78300,0x00000000ede80000)
  from space 4608K, 99% used [0x00000000ede80000,0x00000000ee2fb648,0x00000000ee300000)
  to   space 5632K, 0% used [0x00000000ef600000,0x00000000ef600000,0x00000000efb80000)
 ParOldGen       total 28160K, used 7456K [0x00000000c1800000, 0x00000000c3380000, 0x00000000eb300000)
  object space 28160K, 26% used [0x00000000c1800000,0x00000000c1f482e8,0x00000000c3380000)
 Metaspace       used 27739K, capacity 29408K, committed 29696K, reserved 1075200K
  class space    used 3789K, capacity 4091K, committed 4096K, reserved 1048576K
Event: 16.522 GC heap after
Heap after GC invocations=15 (full 1):
 PSYoungGen      total 68608K, used 2214K [0x00000000eb300000, 0x00000000efb80000, 0x0000000100000000)
  eden space 62976K, 0% used [0x00000000eb300000,0x00000000eb300000,0x00000000ef080000)
  from space 5632K, 39% used [0x00000000ef600000,0x00000000ef829b80,0x00000000efb80000)
  to   space 5632K, 0% used [0x00000000ef080000,0x00000000ef080000,0x00000000ef600000)
 ParOldGen       total 28160K, used 9720K [0x00000000c1800000, 0x00000000c3380000, 0x00000000eb300000)
  object space 28160K, 34% used [0x00000000c1800000,0x00000000c217e348,0x00000000c3380000)
 Metaspace       used 27739K, capacity 29408K, committed 29696K, reserved 1075200K
  class space    used 3789K, capacity 4091K, committed 4096K, reserved 1048576K
}
Event: 18.878 GC heap before
{Heap before GC invocations=16 (full 1):
 PSYoungGen      total 68608K, used 63006K [0x00000000eb300000, 0x00000000efb80000, 0x0000000100000000)
  eden space 62976K, 96% used [0x00000000eb300000,0x00000000eee5dd80,0x00000000ef080000)
  from space 5632K, 39% used [0x00000000ef600000,0x00000000ef829b80,0x00000000efb80000)
  to   space 5632K, 0% used [0x00000000ef080000,0x00000000ef080000,0x00000000ef600000)
 ParOldGen       total 28160K, used 9720K [0x00000000c1800000, 0x00000000c3380000, 0x00000000eb300000)
  object space 28160K, 34% used [0x00000000c1800000,0x00000000c217e348,0x00000000c3380000)
 Metaspace       used 33568K, capacity 35336K, committed 35496K, reserved 1079296K
  class space    used 4530K, capacity 4861K, committed 4864K, reserved 1048576K
Event: 18.889 GC heap after
Heap after GC invocations=16 (full 1):
 PSYoungGen      total 68608K, used 5628K [0x00000000eb300000, 0x00000000f1680000, 0x0000000100000000)
  eden space 62976K, 0% used [0x00000000eb300000,0x00000000eb300000,0x00000000ef080000)
  from space 5632K, 99% used [0x00000000ef080000,0x00000000ef5ff178,0x00000000ef600000)
  to   space 7168K, 0% used [0x00000000f0f80000,0x00000000f0f80000,0x00000000f1680000)
 ParOldGen       total 28160K, used 12328K [0x00000000c1800000, 0x00000000c3380000, 0x00000000eb300000)
  object space 28160K, 43% used [0x00000000c1800000,0x00000000c240a278,0x00000000c3380000)
 Metaspace       used 33568K, capacity 35336K, committed 35496K, reserved 1079296K
  class space    used 4530K, capacity 4861K, committed 4864K, reserved 1048576K
}
Event: 18.889 GC heap before
{Heap before GC invocations=17 (full 2):
 PSYoungGen      total 68608K, used 5628K [0x00000000eb300000, 0x00000000f1680000, 0x0000000100000000)
  eden space 62976K, 0% used [0x00000000eb300000,0x00000000eb300000,0x00000000ef080000)
  from space 5632K, 99% used [0x00000000ef080000,0x00000000ef5ff178,0x00000000ef600000)
  to   space 7168K, 0% used [0x00000000f0f80000,0x00000000f0f80000,0x00000000f1680000)
 ParOldGen       total 28160K, used 12328K [0x00000000c1800000, 0x00000000c3380000, 0x00000000eb300000)
  object space 28160K, 43% used [0x00000000c1800000,0x00000000c240a278,0x00000000c3380000)
 Metaspace       used 33568K, capacity 35336K, committed 35496K, reserved 1079296K
  class space    used 4530K, capacity 4861K, committed 4864K, reserved 1048576K
Event: 19.040 GC heap after
Heap after GC invocations=17 (full 2):
 PSYoungGen      total 68608K, used 0K [0x00000000eb300000, 0x00000000f1680000, 0x0000000100000000)
  eden space 62976K, 0% used [0x00000000eb300000,0x00000000eb300000,0x00000000ef080000)
  from space 5632K, 0% used [0x00000000ef080000,0x00000000ef080000,0x00000000ef600000)
  to   space 7168K, 0% used [0x00000000f0f80000,0x00000000f0f80000,0x00000000f1680000)
 ParOldGen       total 53248K, used 16831K [0x00000000c1800000, 0x00000000c4c00000, 0x00000000eb300000)
  object space 53248K, 31% used [0x00000000c1800000,0x00000000c286fd10,0x00000000c4c00000)
 Metaspace       used 33568K, capacity 35336K, committed 35496K, reserved 1079296K
  class space    used 4530K, capacity 4861K, committed 4864K, reserved 1048576K
}
Event: 20.784 GC heap before
{Heap before GC invocations=18 (full 2):
 PSYoungGen      total 68608K, used 62976K [0x00000000eb300000, 0x00000000f1680000, 0x0000000100000000)
  eden space 62976K, 100% used [0x00000000eb300000,0x00000000ef080000,0x00000000ef080000)
  from space 5632K, 0% used [0x00000000ef080000,0x00000000ef080000,0x00000000ef600000)
  to   space 7168K, 0% used [0x00000000f0f80000,0x00000000f0f80000,0x00000000f1680000)
 ParOldGen       total 53248K, used 16831K [0x00000000c1800000, 0x00000000c4c00000, 0x00000000eb300000)
  object space 53248K, 31% used [0x00000000c1800000,0x00000000c286fd10,0x00000000c4c00000)
 Metaspace       used 40240K, capacity 42096K, committed 42368K, reserved 1085440K
  class space    used 5632K, capacity 5975K, committed 6016K, reserved 1048576K
Event: 20.796 GC heap after
Heap after GC invocations=18 (full 2):
 PSYoungGen      total 84480K, used 6903K [0x00000000eb300000, 0x00000000f1680000, 0x0000000100000000)
  eden space 77312K, 0% used [0x00000000eb300000,0x00000000eb300000,0x00000000efe80000)
  from space 7168K, 96% used [0x00000000f0f80000,0x00000000f163dfe0,0x00000000f1680000)
  to   space 8192K, 0% used [0x00000000f0680000,0x00000000f0680000,0x00000000f0e80000)
 ParOldGen       total 53248K, used 16839K [0x00000000c1800000, 0x00000000c4c00000, 0x00000000eb300000)
  object space 53248K, 31% used [0x00000000c1800000,0x00000000c2871d10,0x00000000c4c00000)
 Metaspace       used 40240K, capacity 42096K, committed 42368K, reserved 1085440K
  class space    used 5632K, capacity 5975K, committed 6016K, reserved 1048576K
}
Event: 22.604 GC heap before
{Heap before GC invocations=19 (full 2):
 PSYoungGen      total 84480K, used 84215K [0x00000000eb300000, 0x00000000f1680000, 0x0000000100000000)
  eden space 77312K, 100% used [0x00000000eb300000,0x00000000efe80000,0x00000000efe80000)
  from space 7168K, 96% used [0x00000000f0f80000,0x00000000f163dfe0,0x00000000f1680000)
  to   space 8192K, 0% used [0x00000000f0680000,0x00000000f0680000,0x00000000f0e80000)
 ParOldGen       total 53248K, used 16839K [0x00000000c1800000, 0x00000000c4c00000, 0x00000000eb300000)
  object space 53248K, 31% used [0x00000000c1800000,0x00000000c2871d10,0x00000000c4c00000)
 Metaspace       used 46056K, capacity 48664K, committed 48768K, reserved 1091584K
  class space    used 6517K, capacity 6979K, committed 7040K, reserved 1048576K
Event: 22.619 GC heap after
Heap after GC invocations=19 (full 2):
 PSYoungGen      total 93696K, used 8172K [0x00000000eb300000, 0x00000000f1d00000, 0x0000000100000000)
  eden space 85504K, 0% used [0x00000000eb300000,0x00000000eb300000,0x00000000f0680000)
  from space 8192K, 99% used [0x00000000f0680000,0x00000000f0e7b120,0x00000000f0e80000)
  to   space 9728K, 0% used [0x00000000f1380000,0x00000000f1380000,0x00000000f1d00000)
 ParOldGen       total 53248K, used 18670K [0x00000000c1800000, 0x00000000c4c00000, 0x00000000eb300000)
  object space 53248K, 35% used [0x00000000c1800000,0x00000000c2a3ba70,0x00000000c4c00000)
 Metaspace       used 46056K, capacity 48664K, committed 48768K, reserved 1091584K
  class space    used 6517K, capacity 6979K, committed 7040K, reserved 1048576K
}

