# JRE version: Java(TM) SE Runtime Environment (8.0_45-b14) (build 1.8.0_45-b14)
# Java VM: Java HotSpot(TM) 64-Bit Server VM (25.45-b02 mixed mode windows-amd64 compressed oops)
Heap:
 PSYoungGen      total 134656K, used 66736K [0x00000000eb300000, 0x00000000f6200000, 0x0000000100000000)
  eden space 124416K, 45% used [0x00000000eb300000,0x00000000eea33680,0x00000000f2c80000)
  from space 10240K, 99% used [0x00000000f2c80000,0x00000000f3678a70,0x00000000f3680000)
  to   space 13312K, 0% used [0x00000000f5500000,0x00000000f5500000,0x00000000f6200000)
 ParOldGen       total 59392K, used 20339K [0x00000000c1800000, 0x00000000c5200000, 0x00000000eb300000)
  object space 59392K, 34% used [0x00000000c1800000,0x00000000c2bdcc88,0x00000000c5200000)
 Metaspace       used 50027K, capacity 52812K, committed 53120K, reserved 1095680K
  class space    used 7014K, capacity 7518K, committed 7552K, reserved 1048576K
GC Heap History (10 events):
Event: 4.553 GC heap before
{Heap before GC invocations=9 (full 1):
 PSYoungGen      total 71168K, used 64512K [0x00000000eb300000, 0x00000000f3d00000, 0x0000000100000000)
  eden space 64512K, 100% used [0x00000000eb300000,0x00000000ef200000,0x00000000ef200000)
  from space 6656K, 0% used [0x00000000ef200000,0x00000000ef200000,0x00000000ef880000)
  to   space 6144K, 0% used [0x00000000f3700000,0x00000000f3700000,0x00000000f3d00000)
 ParOldGen       total 34304K, used 7319K [0x00000000c1800000, 0x00000000c3980000, 0x00000000eb300000)
  object space 34304K, 21% used [0x00000000c1800000,0x00000000c1f25d00,0x00000000c3980000)
 Metaspace       used 23362K, capacity 24502K, committed 24704K, reserved 1071104K
  class space    used 3191K, capacity 3448K, committed 3456K, reserved 1048576K
Event: 4.566 GC heap after
Heap after GC invocations=9 (full 1):
 PSYoungGen      total 103936K, used 5638K [0x00000000eb300000, 0x00000000f3d00000, 0x0000000100000000)
  eden space 97792K, 0% used [0x00000000eb300000,0x00000000eb300000,0x00000000f1280000)
  from space 6144K, 91% used [0x00000000f3700000,0x00000000f3c81bb8,0x00000000f3d00000)
  to   space 6656K, 0% used [0x00000000f3000000,0x00000000f3000000,0x00000000f3680000)
 ParOldGen       total 34304K, used 7327K [0x00000000c1800000, 0x00000000c3980000, 0x00000000eb300000)
  object space 34304K, 21% used [0x00000000c1800000,0x00000000c1f27d00,0x00000000c3980000)
 Metaspace       used 23362K, capacity 24502K, committed 24704K, reserved 1071104K
  class space    used 3191K, capacity 3448K, committed 3456K, reserved 1048576K
}
Event: 5.664 GC heap before
{Heap before GC invocations=10 (full 1):
 PSYoungGen      total 103936K, used 103430K [0x00000000eb300000, 0x00000000f3d00000, 0x0000000100000000)
  eden space 97792K, 100% used [0x00000000eb300000,0x00000000f1280000,0x00000000f1280000)
  from space 6144K, 91% used [0x00000000f3700000,0x00000000f3c81bb8,0x00000000f3d00000)
  to   space 6656K, 0% used [0x00000000f3000000,0x00000000f3000000,0x00000000f3680000)
 ParOldGen       total 34304K, used 7327K [0x00000000c1800000, 0x00000000c3980000, 0x00000000eb300000)
  object space 34304K, 21% used [0x00000000c1800000,0x00000000c1f27d00,0x00000000c3980000)
 Metaspace       used 27756K, capacity 29376K, committed 29568K, reserved 1075200K
  class space    used 3799K, capacity 4123K, committed 4224K, reserved 1048576K
Event: 5.677 GC heap after
Heap after GC invocations=10 (full 1):
 PSYoungGen      total 133120K, used 6648K [0x00000000eb300000, 0x00000000f3e80000, 0x0000000100000000)
  eden space 126464K, 0% used [0x00000000eb300000,0x00000000eb300000,0x00000000f2e80000)
  from space 6656K, 99% used [0x00000000f3000000,0x00000000f367e1d0,0x00000000f3680000)
  to   space 8192K, 0% used [0x00000000f3680000,0x00000000f3680000,0x00000000f3e80000)
 ParOldGen       total 34304K, used 8944K [0x00000000c1800000, 0x00000000c3980000, 0x00000000eb300000)
  object space 34304K, 26% used [0x00000000c1800000,0x00000000c20bc358,0x00000000c3980000)
 Metaspace       used 27756K, capacity 29376K, committed 29568K, reserved 1075200K
  class space    used 3799K, capacity 4123K, committed 4224K, reserved 1048576K
}
Event: 6.537 GC heap before
{Heap before GC invocations=11 (full 1):
 PSYoungGen      total 133120K, used 56681K [0x00000000eb300000, 0x00000000f3e80000, 0x0000000100000000)
  eden space 126464K, 39% used [0x00000000eb300000,0x00000000ee3dc568,0x00000000f2e80000)
  from space 6656K, 99% used [0x00000000f3000000,0x00000000f367e1d0,0x00000000f3680000)
  to   space 8192K, 0% used [0x00000000f3680000,0x00000000f3680000,0x00000000f3e80000)
 ParOldGen       total 34304K, used 8944K [0x00000000c1800000, 0x00000000c3980000, 0x00000000eb300000)
  object space 34304K, 26% used [0x00000000c1800000,0x00000000c20bc358,0x00000000c3980000)
 Metaspace       used 33535K, capacity 35272K, committed 35496K, reserved 1079296K
  class space    used 4532K, capacity 4861K, committed 4864K, reserved 1048576K
Event: 6.556 GC heap after
Heap after GC invocations=11 (full 1):
 PSYoungGen      total 132608K, used 8181K [0x00000000eb300000, 0x00000000f6680000, 0x0000000100000000)
  eden space 124416K, 0% used [0x00000000eb300000,0x00000000eb300000,0x00000000f2c80000)
  from space 8192K, 99% used [0x00000000f3680000,0x00000000f3e7d738,0x00000000f3e80000)
  to   space 10240K, 0% used [0x00000000f2c80000,0x00000000f2c80000,0x00000000f3680000)
 ParOldGen       total 34304K, used 12731K [0x00000000c1800000, 0x00000000c3980000, 0x00000000eb300000)
  object space 34304K, 37% used [0x00000000c1800000,0x00000000c246ef60,0x00000000c3980000)
 Metaspace       used 33535K, capacity 35272K, committed 35496K, reserved 1079296K
  class space    used 4532K, capacity 4861K, committed 4864K, reserved 1048576K
}
Event: 6.556 GC heap before
{Heap before GC invocations=12 (full 2):
 PSYoungGen      total 132608K, used 8181K [0x00000000eb300000, 0x00000000f6680000, 0x0000000100000000)
  eden space 124416K, 0% used [0x00000000eb300000,0x00000000eb300000,0x00000000f2c80000)
  from space 8192K, 99% used [0x00000000f3680000,0x00000000f3e7d738,0x00000000f3e80000)
  to   space 10240K, 0% used [0x00000000f2c80000,0x00000000f2c80000,0x00000000f3680000)
 ParOldGen       total 34304K, used 12731K [0x00000000c1800000, 0x00000000c3980000, 0x00000000eb300000)
  object space 34304K, 37% used [0x00000000c1800000,0x00000000c246ef60,0x00000000c3980000)
 Metaspace       used 33535K, capacity 35272K, committed 35496K, reserved 1079296K
  class space    used 4532K, capacity 4861K, committed 4864K, reserved 1048576K
Event: 6.686 GC heap after
Heap after GC invocations=12 (full 2):
 PSYoungGen      total 132608K, used 0K [0x00000000eb300000, 0x00000000f6680000, 0x0000000100000000)
  eden space 124416K, 0% used [0x00000000eb300000,0x00000000eb300000,0x00000000f2c80000)
  from space 8192K, 0% used [0x00000000f3680000,0x00000000f3680000,0x00000000f3e80000)
  to   space 10240K, 0% used [0x00000000f2c80000,0x00000000f2c80000,0x00000000f3680000)
 ParOldGen       total 59392K, used 16767K [0x00000000c1800000, 0x00000000c5200000, 0x00000000eb300000)
  object space 59392K, 28% used [0x00000000c1800000,0x00000000c285ff28,0x00000000c5200000)
 Metaspace       used 33535K, capacity 35272K, committed 35496K, reserved 1079296K
  class space    used 4532K, capacity 4861K, committed 4864K, reserved 1048576K
}
Event: 8.477 GC heap before
{Heap before GC invocations=13 (full 2):
 PSYoungGen      total 132608K, used 124416K [0x00000000eb300000, 0x00000000f6680000, 0x0000000100000000)
  eden space 124416K, 100% used [0x00000000eb300000,0x00000000f2c80000,0x00000000f2c80000)
  from space 8192K, 0% used [0x00000000f3680000,0x00000000f3680000,0x00000000f3e80000)
  to   space 10240K, 0% used [0x00000000f2c80000,0x00000000f2c80000,0x00000000f3680000)
 ParOldGen       total 59392K, used 16767K [0x00000000c1800000, 0x00000000c5200000, 0x00000000eb300000)
  object space 59392K, 28% used [0x00000000c1800000,0x00000000c285ff28,0x00000000c5200000)
 Metaspace       used 45158K, capacity 47586K, committed 47872K, reserved 1089536K
  class space    used 6396K, capacity 6832K, committed 6912K, reserved 1048576K
Event: 8.497 GC heap after
Heap after GC invocations=13 (full 2):
 PSYoungGen      total 134656K, used 10210K [0x00000000eb300000, 0x00000000f6200000, 0x0000000100000000)
  eden space 124416K, 0% used [0x00000000eb300000,0x00000000eb300000,0x00000000f2c80000)
  from space 10240K, 99% used [0x00000000f2c80000,0x00000000f3678a70,0x00000000f3680000)
  to   space 13312K, 0% used [0x00000000f5500000,0x00000000f5500000,0x00000000f6200000)
 ParOldGen       total 59392K, used 20339K [0x00000000c1800000, 0x00000000c5200000, 0x00000000eb300000)
  object space 59392K, 34% used [0x00000000c1800000,0x00000000c2bdcc88,0x00000000c5200000)
 Metaspace       used 45158K, capacity 47586K, committed 47872K, reserved 1089536K
  class space    used 6396K, capacity 6832K, committed 6912K, reserved 1048576K
}

