# JRE version: Java(TM) SE Runtime Environment (8.0_45-b14) (build 1.8.0_45-b14)
# Java VM: Java HotSpot(TM) 64-Bit Server VM (25.45-b02 mixed mode windows-amd64 compressed oops)
Heap:
 PSYoungGen      total 134144K, used 69932K [0x00000000eb300000, 0x00000000f5f00000, 0x0000000100000000)
  eden space 123904K, 48% used [0x00000000eb300000,0x00000000eed4e888,0x00000000f2c00000)
  from space 10240K, 99% used [0x00000000f2c00000,0x00000000f35fcad0,0x00000000f3600000)
  to   space 12800K, 0% used [0x00000000f5280000,0x00000000f5280000,0x00000000f5f00000)
 ParOldGen       total 60928K, used 20200K [0x00000000c1800000, 0x00000000c5380000, 0x00000000eb300000)
  object space 60928K, 33% used [0x00000000c1800000,0x00000000c2bba3a0,0x00000000c5380000)
 Metaspace       used 50041K, capacity 52816K, committed 53120K, reserved 1095680K
  class space    used 7013K, capacity 7518K, committed 7552K, reserved 1048576K
GC Heap History (10 events):
Event: 4.412 GC heap before
{Heap before GC invocations=9 (full 1):
 PSYoungGen      total 71168K, used 64512K [0x00000000eb300000, 0x00000000f3d00000, 0x0000000100000000)
  eden space 64512K, 100% used [0x00000000eb300000,0x00000000ef200000,0x00000000ef200000)
  from space 6656K, 0% used [0x00000000ef200000,0x00000000ef200000,0x00000000ef880000)
  to   space 6144K, 0% used [0x00000000f3700000,0x00000000f3700000,0x00000000f3d00000)
 ParOldGen       total 34304K, used 6952K [0x00000000c1800000, 0x00000000c3980000, 0x00000000eb300000)
  object space 34304K, 20% used [0x00000000c1800000,0x00000000c1eca108,0x00000000c3980000)
 Metaspace       used 23399K, capacity 24498K, committed 24704K, reserved 1071104K
  class space    used 3192K, capacity 3448K, committed 3456K, reserved 1048576K
Event: 4.421 GC heap after
Heap after GC invocations=9 (full 1):
 PSYoungGen      total 101376K, used 5581K [0x00000000eb300000, 0x00000000f3c80000, 0x0000000100000000)
  eden space 95744K, 0% used [0x00000000eb300000,0x00000000eb300000,0x00000000f1080000)
  from space 5632K, 99% used [0x00000000f3700000,0x00000000f3c73420,0x00000000f3c80000)
  to   space 6656K, 0% used [0x00000000f2f80000,0x00000000f2f80000,0x00000000f3600000)
 ParOldGen       total 34304K, used 6960K [0x00000000c1800000, 0x00000000c3980000, 0x00000000eb300000)
  object space 34304K, 20% used [0x00000000c1800000,0x00000000c1ecc108,0x00000000c3980000)
 Metaspace       used 23399K, capacity 24498K, committed 24704K, reserved 1071104K
  class space    used 3192K, capacity 3448K, committed 3456K, reserved 1048576K
}
Event: 5.445 GC heap before
{Heap before GC invocations=10 (full 1):
 PSYoungGen      total 101376K, used 101325K [0x00000000eb300000, 0x00000000f3c80000, 0x0000000100000000)
  eden space 95744K, 100% used [0x00000000eb300000,0x00000000f1080000,0x00000000f1080000)
  from space 5632K, 99% used [0x00000000f3700000,0x00000000f3c73420,0x00000000f3c80000)
  to   space 6656K, 0% used [0x00000000f2f80000,0x00000000f2f80000,0x00000000f3600000)
 ParOldGen       total 34304K, used 6960K [0x00000000c1800000, 0x00000000c3980000, 0x00000000eb300000)
  object space 34304K, 20% used [0x00000000c1800000,0x00000000c1ecc108,0x00000000c3980000)
 Metaspace       used 27718K, capacity 29372K, committed 29568K, reserved 1075200K
  class space    used 3792K, capacity 4123K, committed 4224K, reserved 1048576K
Event: 5.458 GC heap after
Heap after GC invocations=10 (full 1):
 PSYoungGen      total 128512K, used 6629K [0x00000000eb300000, 0x00000000f3a00000, 0x0000000100000000)
  eden space 121856K, 0% used [0x00000000eb300000,0x00000000eb300000,0x00000000f2a00000)
  from space 6656K, 99% used [0x00000000f2f80000,0x00000000f35f97f0,0x00000000f3600000)
  to   space 4096K, 0% used [0x00000000f3600000,0x00000000f3600000,0x00000000f3a00000)
 ParOldGen       total 34304K, used 8473K [0x00000000c1800000, 0x00000000c3980000, 0x00000000eb300000)
  object space 34304K, 24% used [0x00000000c1800000,0x00000000c2046608,0x00000000c3980000)
 Metaspace       used 27718K, capacity 29372K, committed 29568K, reserved 1075200K
  class space    used 3792K, capacity 4123K, committed 4224K, reserved 1048576K
}
Event: 6.367 GC heap before
{Heap before GC invocations=11 (full 1):
 PSYoungGen      total 128512K, used 58642K [0x00000000eb300000, 0x00000000f3a00000, 0x0000000100000000)
  eden space 121856K, 42% used [0x00000000eb300000,0x00000000ee5cb3b8,0x00000000f2a00000)
  from space 6656K, 99% used [0x00000000f2f80000,0x00000000f35f97f0,0x00000000f3600000)
  to   space 4096K, 0% used [0x00000000f3600000,0x00000000f3600000,0x00000000f3a00000)
 ParOldGen       total 34304K, used 8473K [0x00000000c1800000, 0x00000000c3980000, 0x00000000eb300000)
  object space 34304K, 24% used [0x00000000c1800000,0x00000000c2046608,0x00000000c3980000)
 Metaspace       used 33568K, capacity 35268K, committed 35496K, reserved 1079296K
  class space    used 4533K, capacity 4861K, committed 4864K, reserved 1048576K
Event: 6.383 GC heap after
Heap after GC invocations=11 (full 1):
 PSYoungGen      total 128000K, used 4084K [0x00000000eb300000, 0x00000000f5d80000, 0x0000000100000000)
  eden space 123904K, 0% used [0x00000000eb300000,0x00000000eb300000,0x00000000f2c00000)
  from space 4096K, 99% used [0x00000000f3600000,0x00000000f39fd1a0,0x00000000f3a00000)
  to   space 10240K, 0% used [0x00000000f2c00000,0x00000000f2c00000,0x00000000f3600000)
 ParOldGen       total 34304K, used 16369K [0x00000000c1800000, 0x00000000c3980000, 0x00000000eb300000)
  object space 34304K, 47% used [0x00000000c1800000,0x00000000c27fc618,0x00000000c3980000)
 Metaspace       used 33568K, capacity 35268K, committed 35496K, reserved 1079296K
  class space    used 4533K, capacity 4861K, committed 4864K, reserved 1048576K
}
Event: 6.383 GC heap before
{Heap before GC invocations=12 (full 2):
 PSYoungGen      total 128000K, used 4084K [0x00000000eb300000, 0x00000000f5d80000, 0x0000000100000000)
  eden space 123904K, 0% used [0x00000000eb300000,0x00000000eb300000,0x00000000f2c00000)
  from space 4096K, 99% used [0x00000000f3600000,0x00000000f39fd1a0,0x00000000f3a00000)
  to   space 10240K, 0% used [0x00000000f2c00000,0x00000000f2c00000,0x00000000f3600000)
 ParOldGen       total 34304K, used 16369K [0x00000000c1800000, 0x00000000c3980000, 0x00000000eb300000)
  object space 34304K, 47% used [0x00000000c1800000,0x00000000c27fc618,0x00000000c3980000)
 Metaspace       used 33568K, capacity 35268K, committed 35496K, reserved 1079296K
  class space    used 4533K, capacity 4861K, committed 4864K, reserved 1048576K
Event: 6.516 GC heap after
Heap after GC invocations=12 (full 2):
 PSYoungGen      total 128000K, used 0K [0x00000000eb300000, 0x00000000f5d80000, 0x0000000100000000)
  eden space 123904K, 0% used [0x00000000eb300000,0x00000000eb300000,0x00000000f2c00000)
  from space 4096K, 0% used [0x00000000f3600000,0x00000000f3600000,0x00000000f3a00000)
  to   space 10240K, 0% used [0x00000000f2c00000,0x00000000f2c00000,0x00000000f3600000)
 ParOldGen       total 60928K, used 16807K [0x00000000c1800000, 0x00000000c5380000, 0x00000000eb300000)
  object space 60928K, 27% used [0x00000000c1800000,0x00000000c2869e70,0x00000000c5380000)
 Metaspace       used 33568K, capacity 35268K, committed 35496K, reserved 1079296K
  class space    used 4533K, capacity 4861K, committed 4864K, reserved 1048576K
}
Event: 8.456 GC heap before
{Heap before GC invocations=13 (full 2):
 PSYoungGen      total 128000K, used 123904K [0x00000000eb300000, 0x00000000f5d80000, 0x0000000100000000)
  eden space 123904K, 100% used [0x00000000eb300000,0x00000000f2c00000,0x00000000f2c00000)
  from space 4096K, 0% used [0x00000000f3600000,0x00000000f3600000,0x00000000f3a00000)
  to   space 10240K, 0% used [0x00000000f2c00000,0x00000000f2c00000,0x00000000f3600000)
 ParOldGen       total 60928K, used 16807K [0x00000000c1800000, 0x00000000c5380000, 0x00000000eb300000)
  object space 60928K, 27% used [0x00000000c1800000,0x00000000c2869e70,0x00000000c5380000)
 Metaspace       used 45089K, capacity 47422K, committed 47616K, reserved 1089536K
  class space    used 6378K, capacity 6786K, committed 6912K, reserved 1048576K
Event: 8.475 GC heap after
Heap after GC invocations=13 (full 2):
 PSYoungGen      total 134144K, used 10226K [0x00000000eb300000, 0x00000000f5f00000, 0x0000000100000000)
  eden space 123904K, 0% used [0x00000000eb300000,0x00000000eb300000,0x00000000f2c00000)
  from space 10240K, 99% used [0x00000000f2c00000,0x00000000f35fcad0,0x00000000f3600000)
  to   space 12800K, 0% used [0x00000000f5280000,0x00000000f5280000,0x00000000f5f00000)
 ParOldGen       total 60928K, used 20200K [0x00000000c1800000, 0x00000000c5380000, 0x00000000eb300000)
  object space 60928K, 33% used [0x00000000c1800000,0x00000000c2bba3a0,0x00000000c5380000)
 Metaspace       used 45089K, capacity 47422K, committed 47616K, reserved 1089536K
  class space    used 6378K, capacity 6786K, committed 6912K, reserved 1048576K
}

